<?xml version="1.0" encoding="UTF-8"?>
<!-- Generated by org.testng.reporters.JUnitReportReporter -->
<testsuite hostname="Siddhartha" failures="0" tests="5" name="minitests.LoginTest" time="4.041" errors="0" timestamp="2025-04-19T18:59:50 IST" skipped="0">
  <testcase classname="minitests.LoginTest" name="testSubumitBtnVisible" time="0.133"/>
  <testcase classname="minitests.LoginTest" name="testSubmitClickAble" time="0.062"/>
  <testcase classname="minitests.LoginTest" name="testLogin" time="0.640"/>
  <testcase classname="minitests.LoginTest" name="callTestLogout" time="1.568"/>
  <testcase classname="minitests.LoginTest" name="testInvalidDetails" time="1.638"/>
</testsuite> <!-- minitests.LoginTest -->
