<?xml version="1.0" encoding="UTF-8"?>
<!-- Generated by org.testng.reporters.JUnitReportReporter -->
<testsuite hostname="Siddhartha" failures="0" tests="5" name="minitests.LoginTest" time="4.234" errors="0" timestamp="2025-04-22T23:33:59 IST" skipped="0">
  <testcase classname="minitests.LoginTest" name="testSubumitBtnVisible" time="0.146"/>
  <testcase classname="minitests.LoginTest" name="testSubmitClickAble" time="0.070"/>
  <testcase classname="minitests.LoginTest" name="testLogin" time="0.662"/>
  <testcase classname="minitests.LoginTest" name="callTestLogout" time="1.651"/>
  <testcase classname="minitests.LoginTest" name="testInvalidDetails" time="1.705"/>
</testsuite> <!-- minitests.LoginTest -->
